Using pre-set license
Built from '2020.2/release' branch; Version is '2020.2.1f1 (270dd8c3da1c) revision 2559448'; Using compiler version '192528614'; Build Type 'Release'
OS: 'Windows 10  (10.0.0) 64bit' Language: 'en' Physical Memory: 32502 MB
BatchMode: 1, IsHumanControllingUs: 0, StartBugReporterOnCrash: 0, Is64bit: 1, IsPro: 0

 COMMAND LINE ARGUMENTS:
F:\UnityEditors\2020.2.1f1\Editor\Unity.exe
-adb2
-batchMode
-noUpm
-name
AssetImportWorker0
-projectPath
F:/Unity_Projects/Project_Shred/ServerSideShred
-logFile
Logs/AssetImportWorker0.log
-srvPort
49652
Successfully changed project path to: F:/Unity_Projects/Project_Shred/ServerSideShred
F:/Unity_Projects/Project_Shred/ServerSideShred
Using Asset Import Pipeline V2.
Refreshing native plugins compatible for Editor in 17.40 ms, found 0 plugins.
Preloading 0 native plugins for Editor in 0.00 ms.
Initialize engine version: 2020.2.1f1 (270dd8c3da1c)
[Subsystems] Discovering subsystems at path F:/UnityEditors/2020.2.1f1/Editor/Data/Resources/UnitySubsystems
[Subsystems] Discovering subsystems at path F:/Unity_Projects/Project_Shred/ServerSideShred/Assets
GfxDevice: creating device client; threaded=0
Direct3D:
    Version:  Direct3D 11.0 [level 11.1]
    Renderer: NVIDIA GeForce GTX 1660 Ti (ID=0x2182)
    Vendor:   
    VRAM:     5991 MB
    Driver:   27.21.14.6137
Initialize mono
Mono path[0] = 'F:/UnityEditors/2020.2.1f1/Editor/Data/Managed'
Mono path[1] = 'F:/UnityEditors/2020.2.1f1/Editor/Data/MonoBleedingEdge/lib/mono/unityjit'
Mono config path = 'F:/UnityEditors/2020.2.1f1/Editor/Data/MonoBleedingEdge/etc'
Using monoOptions --debugger-agent=transport=dt_socket,embedding=1,server=y,suspend=n,address=127.0.0.1:56108
Begin MonoManager ReloadAssembly
Registering precompiled unity dll's ...
Register platform support module: F:/UnityEditors/2020.2.1f1/Editor/Data/PlaybackEngines/WindowsStandaloneSupport/UnityEditor.WindowsStandalone.Extensions.dll
Registered in 0.001058 seconds.
Native extension for WindowsStandalone target not found
Refreshing native plugins compatible for Editor in 17.51 ms, found 0 plugins.
Preloading 0 native plugins for Editor in 0.00 ms.
Invoked RoslynAnalysisRunner static constructor.
RoslynAnalysisRunner will not be running.
RoslynAnalysisRunner has terminated.
Mono: successfully reloaded assembly
- Completed reload, in  0.997 seconds
Platform modules already initialized, skipping
Registering precompiled user dll's ...
Registered in 0.000800 seconds.
Begin MonoManager ReloadAssembly
Native extension for WindowsStandalone target not found
Refreshing native plugins compatible for Editor in 0.17 ms, found 0 plugins.
Preloading 0 native plugins for Editor in 0.00 ms.
Invoked RoslynAnalysisRunner static constructor.
RoslynAnalysisRunner will not be running.
RoslynAnalysisRunner has terminated.
Mono: successfully reloaded assembly
- Completed reload, in  0.619 seconds
Platform modules already initialized, skipping
========================================================================
Worker process is ready to serve import requests
Launched and connected shader compiler UnityShaderCompiler.exe after 0.03 seconds
Refreshing native plugins compatible for Editor in 0.17 ms, found 0 plugins.
Preloading 0 native plugins for Editor in 0.00 ms.
Unloading 1109 Unused Serialized files (Serialized files now loaded: 0)
System memory in use before: 57.1 MB.
System memory in use after: 57.2 MB.

Unloading 10 unused Assets to reduce memory usage. Loaded Objects now: 1550.
Total: 1.187500 ms (FindLiveObjects: 0.122100 ms CreateObjectMapping: 0.036800 ms MarkObjects: 0.980800 ms  DeleteObjects: 0.046600 ms)

========================================================================
Received Import Request.
  path: Assets/Terrain.prefab
  artifactKey: Guid(fa1136772b3cea94f990baeba68d9a50) Importer(815301076,1909f56bfc062723c751e8b465ee728b)
Start importing Assets/Terrain.prefab using Guid(fa1136772b3cea94f990baeba68d9a50) Importer(815301076,1909f56bfc062723c751e8b465ee728b)  -> (artifact id: '6d74a0626352d1e35f5eee745026a8a5') in 0.033094 seconds
  Import took 0.034747 seconds .

========================================================================
Received Import Request.
  Time since last request: 46.790763 seconds.
  path: Assets/New Terrain 2.asset
  artifactKey: Guid(6541241df278d0d45a1d89dcd333ecb2) Importer(815301076,1909f56bfc062723c751e8b465ee728b)
Start importing Assets/New Terrain 2.asset using Guid(6541241df278d0d45a1d89dcd333ecb2) Importer(815301076,1909f56bfc062723c751e8b465ee728b)  -> (artifact id: '7a0b5c2400e7d8bcbda330ed1fa2ce86') in 0.023601 seconds
  Import took 0.025326 seconds .

========================================================================
Received Import Request.
  Time since last request: 3.200424 seconds.
  path: Assets/Terrain.prefab
  artifactKey: Guid(fa1136772b3cea94f990baeba68d9a50) Importer(815301076,1909f56bfc062723c751e8b465ee728b)
Start importing Assets/Terrain.prefab using Guid(fa1136772b3cea94f990baeba68d9a50) Importer(815301076,1909f56bfc062723c751e8b465ee728b)  -> (artifact id: 'b51af5b768f89dd61b06e8a673a3ed58') in 0.006763 seconds
  Import took 0.008331 seconds .

========================================================================
Received Import Request.
  Time since last request: 0.002565 seconds.
  path: Assets/Terrain.prefab
  artifactKey: Guid(fa1136772b3cea94f990baeba68d9a50) Importer(815301076,1909f56bfc062723c751e8b465ee728b)
Start importing Assets/Terrain.prefab using Guid(fa1136772b3cea94f990baeba68d9a50) Importer(815301076,1909f56bfc062723c751e8b465ee728b)  -> (artifact id: 'b51af5b768f89dd61b06e8a673a3ed58') in 0.005597 seconds
  Import took 0.007163 seconds .

========================================================================
Received Prepare
Registering precompiled user dll's ...
Registered in 0.000694 seconds.
Begin MonoManager ReloadAssembly
Native extension for WindowsStandalone target not found
Refreshing native plugins compatible for Editor in 0.17 ms, found 0 plugins.
Preloading 0 native plugins for Editor in 0.00 ms.
Invoked RoslynAnalysisRunner static constructor.
RoslynAnalysisRunner will not be running.
RoslynAnalysisRunner has terminated.
Mono: successfully reloaded assembly
- Completed reload, in  0.601 seconds
Platform modules already initialized, skipping
Refreshing native plugins compatible for Editor in 0.18 ms, found 0 plugins.
Preloading 0 native plugins for Editor in 0.00 ms.
Unloading 1104 Unused Serialized files (Serialized files now loaded: 0)
System memory in use before: 58.1 MB.
System memory in use after: 57.7 MB.

Unloading 7 unused Assets to reduce memory usage. Loaded Objects now: 1553.
Total: 1.440800 ms (FindLiveObjects: 0.122400 ms CreateObjectMapping: 0.034400 ms MarkObjects: 0.999200 ms  DeleteObjects: 0.283700 ms)

========================================================================
Received Prepare
Registering precompiled user dll's ...
Registered in 0.000705 seconds.
Begin MonoManager ReloadAssembly
Native extension for WindowsStandalone target not found
Refreshing native plugins compatible for Editor in 0.22 ms, found 0 plugins.
Preloading 0 native plugins for Editor in 0.00 ms.
Invoked RoslynAnalysisRunner static constructor.
RoslynAnalysisRunner will not be running.
RoslynAnalysisRunner has terminated.
Mono: successfully reloaded assembly
- Completed reload, in  0.568 seconds
Platform modules already initialized, skipping
Refreshing native plugins compatible for Editor in 0.18 ms, found 0 plugins.
Preloading 0 native plugins for Editor in 0.00 ms.
Unloading 1104 Unused Serialized files (Serialized files now loaded: 0)
System memory in use before: 57.9 MB.
System memory in use after: 58.0 MB.

Unloading 5 unused Assets to reduce memory usage. Loaded Objects now: 1555.
Total: 1.721500 ms (FindLiveObjects: 0.184000 ms CreateObjectMapping: 0.056100 ms MarkObjects: 1.441200 ms  DeleteObjects: 0.038700 ms)

========================================================================
Received Prepare
Registering precompiled user dll's ...
Registered in 0.000758 seconds.
Begin MonoManager ReloadAssembly
Native extension for WindowsStandalone target not found
Refreshing native plugins compatible for Editor in 0.20 ms, found 0 plugins.
Preloading 0 native plugins for Editor in 0.00 ms.
Invoked RoslynAnalysisRunner static constructor.
RoslynAnalysisRunner will not be running.
RoslynAnalysisRunner has terminated.
Mono: successfully reloaded assembly
- Completed reload, in  0.590 seconds
Platform modules already initialized, skipping
Refreshing native plugins compatible for Editor in 0.18 ms, found 0 plugins.
Preloading 0 native plugins for Editor in 0.00 ms.
Unloading 1104 Unused Serialized files (Serialized files now loaded: 0)
System memory in use before: 58.1 MB.
System memory in use after: 58.2 MB.

Unloading 5 unused Assets to reduce memory usage. Loaded Objects now: 1557.
Total: 1.165700 ms (FindLiveObjects: 0.110200 ms CreateObjectMapping: 0.027900 ms MarkObjects: 0.994000 ms  DeleteObjects: 0.032900 ms)

========================================================================
Received Import Request.
  Time since last request: 717.750936 seconds.
  path: Assets/Prefabs/GameProps/NormalEarthAttack.prefab
  artifactKey: Guid(4cb018124f594de4d9c26b69da842e8c) Importer(815301076,1909f56bfc062723c751e8b465ee728b)
Start importing Assets/Prefabs/GameProps/NormalEarthAttack.prefab using Guid(4cb018124f594de4d9c26b69da842e8c) Importer(815301076,1909f56bfc062723c751e8b465ee728b)  -> (artifact id: '7dff42f2b27c29801271d88db3e4e5a0') in 0.190262 seconds
  Import took 0.192044 seconds .

========================================================================
Received Prepare
Registering precompiled user dll's ...
Registered in 0.000776 seconds.
Begin MonoManager ReloadAssembly
Native extension for WindowsStandalone target not found
Refreshing native plugins compatible for Editor in 0.17 ms, found 0 plugins.
Preloading 0 native plugins for Editor in 0.00 ms.
Invoked RoslynAnalysisRunner static constructor.
RoslynAnalysisRunner will not be running.
RoslynAnalysisRunner has terminated.
Mono: successfully reloaded assembly
- Completed reload, in  0.570 seconds
Platform modules already initialized, skipping
Refreshing native plugins compatible for Editor in 0.17 ms, found 0 plugins.
Preloading 0 native plugins for Editor in 0.00 ms.
Unloading 1104 Unused Serialized files (Serialized files now loaded: 0)
System memory in use before: 61.5 MB.
System memory in use after: 61.6 MB.

Unloading 6 unused Assets to reduce memory usage. Loaded Objects now: 1567.
Total: 1.239100 ms (FindLiveObjects: 0.120100 ms CreateObjectMapping: 0.036800 ms MarkObjects: 1.042800 ms  DeleteObjects: 0.038600 ms)

========================================================================
Received Import Request.
  Time since last request: 22.548426 seconds.
  path: Assets/Prefabs/GameProps/NormalEarthAttack.prefab
  artifactKey: Guid(4cb018124f594de4d9c26b69da842e8c) Importer(815301076,1909f56bfc062723c751e8b465ee728b)
Start importing Assets/Prefabs/GameProps/NormalEarthAttack.prefab using Guid(4cb018124f594de4d9c26b69da842e8c) Importer(815301076,1909f56bfc062723c751e8b465ee728b)  -> (artifact id: '5720e4dd794526a31baa5f709825dcb8') in 0.045527 seconds
  Import took 0.047185 seconds .

========================================================================
Received Prepare
Registering precompiled user dll's ...
Registered in 0.000700 seconds.
Begin MonoManager ReloadAssembly
Native extension for WindowsStandalone target not found
Refreshing native plugins compatible for Editor in 0.17 ms, found 0 plugins.
Preloading 0 native plugins for Editor in 0.00 ms.
Invoked RoslynAnalysisRunner static constructor.
RoslynAnalysisRunner will not be running.
RoslynAnalysisRunner has terminated.
Mono: successfully reloaded assembly
- Completed reload, in  0.604 seconds
Platform modules already initialized, skipping
Refreshing native plugins compatible for Editor in 0.17 ms, found 0 plugins.
Preloading 0 native plugins for Editor in 0.00 ms.
Unloading 1104 Unused Serialized files (Serialized files now loaded: 0)
System memory in use before: 61.8 MB.
System memory in use after: 61.9 MB.

Unloading 6 unused Assets to reduce memory usage. Loaded Objects now: 1570.
Total: 1.269900 ms (FindLiveObjects: 0.116600 ms CreateObjectMapping: 0.032200 ms MarkObjects: 1.080800 ms  DeleteObjects: 0.039700 ms)

========================================================================
Received Prepare
Registering precompiled user dll's ...
Registered in 0.000737 seconds.
Begin MonoManager ReloadAssembly
Native extension for WindowsStandalone target not found
Refreshing native plugins compatible for Editor in 0.17 ms, found 0 plugins.
Preloading 0 native plugins for Editor in 0.00 ms.
Invoked RoslynAnalysisRunner static constructor.
RoslynAnalysisRunner will not be running.
RoslynAnalysisRunner has terminated.
Mono: successfully reloaded assembly
- Completed reload, in  0.578 seconds
Platform modules already initialized, skipping
Refreshing native plugins compatible for Editor in 0.17 ms, found 0 plugins.
Preloading 0 native plugins for Editor in 0.00 ms.
Unloading 1104 Unused Serialized files (Serialized files now loaded: 0)
System memory in use before: 62.0 MB.
System memory in use after: 62.1 MB.

Unloading 5 unused Assets to reduce memory usage. Loaded Objects now: 1572.
Total: 1.232300 ms (FindLiveObjects: 0.108200 ms CreateObjectMapping: 0.028100 ms MarkObjects: 1.060000 ms  DeleteObjects: 0.035200 ms)

========================================================================
Received Prepare
Registering precompiled user dll's ...
Registered in 0.000699 seconds.
Begin MonoManager ReloadAssembly
Native extension for WindowsStandalone target not found
Refreshing native plugins compatible for Editor in 0.18 ms, found 0 plugins.
Preloading 0 native plugins for Editor in 0.00 ms.
Invoked RoslynAnalysisRunner static constructor.
RoslynAnalysisRunner will not be running.
RoslynAnalysisRunner has terminated.
Mono: successfully reloaded assembly
- Completed reload, in  0.567 seconds
Platform modules already initialized, skipping
Refreshing native plugins compatible for Editor in 0.20 ms, found 0 plugins.
Preloading 0 native plugins for Editor in 0.00 ms.
Unloading 1104 Unused Serialized files (Serialized files now loaded: 0)
System memory in use before: 62.3 MB.
System memory in use after: 62.3 MB.

Unloading 5 unused Assets to reduce memory usage. Loaded Objects now: 1574.
Total: 1.830800 ms (FindLiveObjects: 0.186400 ms CreateObjectMapping: 0.044700 ms MarkObjects: 1.554800 ms  DeleteObjects: 0.043200 ms)

========================================================================
Received Prepare
Registering precompiled user dll's ...
Registered in 0.000651 seconds.
Begin MonoManager ReloadAssembly
Native extension for WindowsStandalone target not found
Refreshing native plugins compatible for Editor in 0.18 ms, found 0 plugins.
Preloading 0 native plugins for Editor in 0.00 ms.
Invoked RoslynAnalysisRunner static constructor.
RoslynAnalysisRunner will not be running.
RoslynAnalysisRunner has terminated.
Mono: successfully reloaded assembly
- Completed reload, in  0.590 seconds
Platform modules already initialized, skipping
Refreshing native plugins compatible for Editor in 0.17 ms, found 0 plugins.
Preloading 0 native plugins for Editor in 0.00 ms.
Unloading 1104 Unused Serialized files (Serialized files now loaded: 0)
System memory in use before: 61.6 MB.
System memory in use after: 61.6 MB.

Unloading 5 unused Assets to reduce memory usage. Loaded Objects now: 1576.
Total: 1.237200 ms (FindLiveObjects: 0.126700 ms CreateObjectMapping: 0.034800 ms MarkObjects: 1.036900 ms  DeleteObjects: 0.037800 ms)

========================================================================
Received Prepare
Registering precompiled user dll's ...
Registered in 0.000717 seconds.
Begin MonoManager ReloadAssembly
Native extension for WindowsStandalone target not found
Refreshing native plugins compatible for Editor in 0.18 ms, found 0 plugins.
Preloading 0 native plugins for Editor in 0.00 ms.
Invoked RoslynAnalysisRunner static constructor.
RoslynAnalysisRunner will not be running.
RoslynAnalysisRunner has terminated.
Mono: successfully reloaded assembly
- Completed reload, in  0.572 seconds
Platform modules already initialized, skipping
Refreshing native plugins compatible for Editor in 0.17 ms, found 0 plugins.
Preloading 0 native plugins for Editor in 0.00 ms.
Unloading 1104 Unused Serialized files (Serialized files now loaded: 0)
System memory in use before: 61.8 MB.
System memory in use after: 61.9 MB.

Unloading 5 unused Assets to reduce memory usage. Loaded Objects now: 1578.
Total: 1.516300 ms (FindLiveObjects: 0.216900 ms CreateObjectMapping: 0.080300 ms MarkObjects: 1.176200 ms  DeleteObjects: 0.041100 ms)

========================================================================
Received Prepare
Registering precompiled user dll's ...
Registered in 0.000795 seconds.
Begin MonoManager ReloadAssembly
Native extension for WindowsStandalone target not found
Refreshing native plugins compatible for Editor in 0.17 ms, found 0 plugins.
Preloading 0 native plugins for Editor in 0.00 ms.
Invoked RoslynAnalysisRunner static constructor.
RoslynAnalysisRunner will not be running.
RoslynAnalysisRunner has terminated.
Mono: successfully reloaded assembly
- Completed reload, in  0.597 seconds
Platform modules already initialized, skipping
Refreshing native plugins compatible for Editor in 0.17 ms, found 0 plugins.
Preloading 0 native plugins for Editor in 0.00 ms.
Unloading 1104 Unused Serialized files (Serialized files now loaded: 0)
System memory in use before: 62.1 MB.
System memory in use after: 62.2 MB.

Unloading 5 unused Assets to reduce memory usage. Loaded Objects now: 1580.
Total: 1.554300 ms (FindLiveObjects: 0.227400 ms CreateObjectMapping: 0.086400 ms MarkObjects: 1.197000 ms  DeleteObjects: 0.042300 ms)

========================================================================
Received Prepare
Registering precompiled user dll's ...
Registered in 0.000653 seconds.
Begin MonoManager ReloadAssembly
Native extension for WindowsStandalone target not found
Refreshing native plugins compatible for Editor in 0.19 ms, found 0 plugins.
Preloading 0 native plugins for Editor in 0.00 ms.
Invoked RoslynAnalysisRunner static constructor.
RoslynAnalysisRunner will not be running.
RoslynAnalysisRunner has terminated.
Mono: successfully reloaded assembly
- Completed reload, in  0.607 seconds
Platform modules already initialized, skipping
Refreshing native plugins compatible for Editor in 0.17 ms, found 0 plugins.
Preloading 0 native plugins for Editor in 0.00 ms.
Unloading 1104 Unused Serialized files (Serialized files now loaded: 0)
System memory in use before: 62.3 MB.
System memory in use after: 62.4 MB.

Unloading 5 unused Assets to reduce memory usage. Loaded Objects now: 1582.
Total: 1.316500 ms (FindLiveObjects: 0.121600 ms CreateObjectMapping: 0.035700 ms MarkObjects: 1.119800 ms  DeleteObjects: 0.038400 ms)

========================================================================
Received Import Request.
  Time since last request: 2949.659780 seconds.
  path: Assets/Prefabs/GameProps/EarthWall.prefab
  artifactKey: Guid(229cb8812a67d4b4ca8c3c75c5671bbb) Importer(815301076,1909f56bfc062723c751e8b465ee728b)
Start importing Assets/Prefabs/GameProps/EarthWall.prefab using Guid(229cb8812a67d4b4ca8c3c75c5671bbb) Importer(815301076,1909f56bfc062723c751e8b465ee728b)  -> (artifact id: '7f54775b564c5c2785679ca4d7c6e593') in 0.047064 seconds
  Import took 0.048673 seconds .

========================================================================
Received Import Request.
  Time since last request: 0.000142 seconds.
  path: Assets/Prefabs/GameProps/QAttack.prefab
  artifactKey: Guid(560e9720b11871142ac2a717da892627) Importer(815301076,1909f56bfc062723c751e8b465ee728b)
Start importing Assets/Prefabs/GameProps/QAttack.prefab using Guid(560e9720b11871142ac2a717da892627) Importer(815301076,1909f56bfc062723c751e8b465ee728b)  -> (artifact id: '589638b7d9a0f25a2d54c82277ffbbe6') in 0.011953 seconds
  Import took 0.013500 seconds .

========================================================================
Received Import Request.
  Time since last request: 0.000143 seconds.
  path: Assets/Prefabs/GameProps/UltimateSpike.prefab
  artifactKey: Guid(6ee0d50232338044b95e4a3f475e8cb9) Importer(815301076,1909f56bfc062723c751e8b465ee728b)
Start importing Assets/Prefabs/GameProps/UltimateSpike.prefab using Guid(6ee0d50232338044b95e4a3f475e8cb9) Importer(815301076,1909f56bfc062723c751e8b465ee728b)  -> (artifact id: 'fdf8021a350594ff54f2aa78447ac94a') in 0.014175 seconds
  Import took 0.015970 seconds .

========================================================================
Received Import Request.
  Time since last request: 0.000178 seconds.
  path: Assets/Prefabs/GameProps/QAttack.prefab
  artifactKey: Guid(560e9720b11871142ac2a717da892627) Importer(815301076,1909f56bfc062723c751e8b465ee728b)
Start importing Assets/Prefabs/GameProps/QAttack.prefab using Guid(560e9720b11871142ac2a717da892627) Importer(815301076,1909f56bfc062723c751e8b465ee728b)  -> (artifact id: '589638b7d9a0f25a2d54c82277ffbbe6') in 0.012365 seconds
  Import took 0.014493 seconds .

========================================================================
Received Import Request.
  Time since last request: 17.182410 seconds.
  path: Assets/Prefabs/GameProps/EarthWall.prefab
  artifactKey: Guid(229cb8812a67d4b4ca8c3c75c5671bbb) Importer(815301076,1909f56bfc062723c751e8b465ee728b)
Start importing Assets/Prefabs/GameProps/EarthWall.prefab using Guid(229cb8812a67d4b4ca8c3c75c5671bbb) Importer(815301076,1909f56bfc062723c751e8b465ee728b)  -> (artifact id: 'dcc0699c1cd4aa93a139ef388d3580a5') in 0.017086 seconds
  Import took 0.018781 seconds .

========================================================================
Received Import Request.
  Time since last request: 7.985420 seconds.
  path: Assets/Prefabs/GameProps/QAttack.prefab
  artifactKey: Guid(560e9720b11871142ac2a717da892627) Importer(815301076,1909f56bfc062723c751e8b465ee728b)
Start importing Assets/Prefabs/GameProps/QAttack.prefab using Guid(560e9720b11871142ac2a717da892627) Importer(815301076,1909f56bfc062723c751e8b465ee728b)  -> (artifact id: 'bca85975d460c48d362c0ea136577a97') in 0.016287 seconds
  Import took 0.017909 seconds .

========================================================================
Received Import Request.
  Time since last request: 10.016973 seconds.
  path: Assets/Prefabs/GameProps/UltimateSpike.prefab
  artifactKey: Guid(6ee0d50232338044b95e4a3f475e8cb9) Importer(815301076,1909f56bfc062723c751e8b465ee728b)
Start importing Assets/Prefabs/GameProps/UltimateSpike.prefab using Guid(6ee0d50232338044b95e4a3f475e8cb9) Importer(815301076,1909f56bfc062723c751e8b465ee728b)  -> (artifact id: 'a8ff866c5242cd52583656fc92028ca6') in 0.015466 seconds
  Import took 0.017175 seconds .

========================================================================
Received Import Request.
  Time since last request: 9.766336 seconds.
  path: Assets/Prefabs/GameProps/NormalEarthAttack.prefab
  artifactKey: Guid(4cb018124f594de4d9c26b69da842e8c) Importer(815301076,1909f56bfc062723c751e8b465ee728b)
Start importing Assets/Prefabs/GameProps/NormalEarthAttack.prefab using Guid(4cb018124f594de4d9c26b69da842e8c) Importer(815301076,1909f56bfc062723c751e8b465ee728b)  -> (artifact id: 'eccfdc4290715acebb59959863eea3b4') in 0.013554 seconds
  Import took 0.015579 seconds .

========================================================================
Received Import Request.
  Time since last request: 0.002667 seconds.
  path: Assets/Prefabs/GameProps/NormalEarthAttack.prefab
  artifactKey: Guid(4cb018124f594de4d9c26b69da842e8c) Importer(815301076,1909f56bfc062723c751e8b465ee728b)
Start importing Assets/Prefabs/GameProps/NormalEarthAttack.prefab using Guid(4cb018124f594de4d9c26b69da842e8c) Importer(815301076,1909f56bfc062723c751e8b465ee728b)  -> (artifact id: 'eccfdc4290715acebb59959863eea3b4') in 0.011958 seconds
  Import took 0.013574 seconds .

========================================================================
Received Prepare
Registering precompiled user dll's ...
Registered in 0.000821 seconds.
Begin MonoManager ReloadAssembly
Native extension for WindowsStandalone target not found
Refreshing native plugins compatible for Editor in 0.18 ms, found 0 plugins.
Preloading 0 native plugins for Editor in 0.00 ms.
Invoked RoslynAnalysisRunner static constructor.
RoslynAnalysisRunner will not be running.
RoslynAnalysisRunner has terminated.
Mono: successfully reloaded assembly
- Completed reload, in  0.580 seconds
Platform modules already initialized, skipping
Refreshing native plugins compatible for Editor in 0.18 ms, found 0 plugins.
Preloading 0 native plugins for Editor in 0.00 ms.
Unloading 1104 Unused Serialized files (Serialized files now loaded: 0)
System memory in use before: 61.6 MB.
System memory in use after: 61.7 MB.

Unloading 6 unused Assets to reduce memory usage. Loaded Objects now: 1585.
Total: 1.198600 ms (FindLiveObjects: 0.124000 ms CreateObjectMapping: 0.031700 ms MarkObjects: 1.007300 ms  DeleteObjects: 0.034700 ms)

========================================================================
Received Prepare
Registering precompiled user dll's ...
Registered in 0.000710 seconds.
Begin MonoManager ReloadAssembly
Native extension for WindowsStandalone target not found
Refreshing native plugins compatible for Editor in 0.18 ms, found 0 plugins.
Preloading 0 native plugins for Editor in 0.00 ms.
Invoked RoslynAnalysisRunner static constructor.
RoslynAnalysisRunner will not be running.
RoslynAnalysisRunner has terminated.
Mono: successfully reloaded assembly
- Completed reload, in  0.596 seconds
Platform modules already initialized, skipping
Refreshing native plugins compatible for Editor in 0.17 ms, found 0 plugins.
Preloading 0 native plugins for Editor in 0.00 ms.
Unloading 1104 Unused Serialized files (Serialized files now loaded: 0)
System memory in use before: 61.9 MB.
System memory in use after: 62.0 MB.

Unloading 5 unused Assets to reduce memory usage. Loaded Objects now: 1587.
Total: 1.659300 ms (FindLiveObjects: 0.262400 ms CreateObjectMapping: 0.102500 ms MarkObjects: 1.250000 ms  DeleteObjects: 0.042500 ms)

========================================================================
Received Prepare
Registering precompiled user dll's ...
Registered in 0.000751 seconds.
Begin MonoManager ReloadAssembly
Native extension for WindowsStandalone target not found
Refreshing native plugins compatible for Editor in 0.18 ms, found 0 plugins.
Preloading 0 native plugins for Editor in 0.00 ms.
Invoked RoslynAnalysisRunner static constructor.
RoslynAnalysisRunner will not be running.
RoslynAnalysisRunner has terminated.
Mono: successfully reloaded assembly
- Completed reload, in  0.564 seconds
Platform modules already initialized, skipping
Refreshing native plugins compatible for Editor in 0.18 ms, found 0 plugins.
Preloading 0 native plugins for Editor in 0.00 ms.
Unloading 1104 Unused Serialized files (Serialized files now loaded: 0)
System memory in use before: 62.1 MB.
System memory in use after: 62.2 MB.

Unloading 5 unused Assets to reduce memory usage. Loaded Objects now: 1589.
Total: 1.310000 ms (FindLiveObjects: 0.129000 ms CreateObjectMapping: 0.035400 ms MarkObjects: 1.105500 ms  DeleteObjects: 0.039100 ms)

========================================================================
Received Prepare
Registering precompiled user dll's ...
Registered in 0.000612 seconds.
Begin MonoManager ReloadAssembly
Native extension for WindowsStandalone target not found
Refreshing native plugins compatible for Editor in 0.18 ms, found 0 plugins.
Preloading 0 native plugins for Editor in 0.00 ms.
Invoked RoslynAnalysisRunner static constructor.
RoslynAnalysisRunner will not be running.
RoslynAnalysisRunner has terminated.
Mono: successfully reloaded assembly
- Completed reload, in  0.575 seconds
Platform modules already initialized, skipping
Refreshing native plugins compatible for Editor in 0.18 ms, found 0 plugins.
Preloading 0 native plugins for Editor in 0.00 ms.
Unloading 1104 Unused Serialized files (Serialized files now loaded: 0)
System memory in use before: 62.3 MB.
System memory in use after: 62.4 MB.

Unloading 5 unused Assets to reduce memory usage. Loaded Objects now: 1591.
Total: 1.678000 ms (FindLiveObjects: 0.193100 ms CreateObjectMapping: 0.051000 ms MarkObjects: 1.386000 ms  DeleteObjects: 0.045500 ms)

========================================================================
Received Prepare
Registering precompiled user dll's ...
Registered in 0.000634 seconds.
Begin MonoManager ReloadAssembly
Native extension for WindowsStandalone target not found
Refreshing native plugins compatible for Editor in 0.18 ms, found 0 plugins.
Preloading 0 native plugins for Editor in 0.00 ms.
Invoked RoslynAnalysisRunner static constructor.
RoslynAnalysisRunner will not be running.
RoslynAnalysisRunner has terminated.
Mono: successfully reloaded assembly
- Completed reload, in  0.584 seconds
Platform modules already initialized, skipping
Refreshing native plugins compatible for Editor in 0.21 ms, found 0 plugins.
Preloading 0 native plugins for Editor in 0.00 ms.
Unloading 1104 Unused Serialized files (Serialized files now loaded: 0)
System memory in use before: 61.7 MB.
System memory in use after: 61.7 MB.

Unloading 5 unused Assets to reduce memory usage. Loaded Objects now: 1593.
Total: 1.190400 ms (FindLiveObjects: 0.123600 ms CreateObjectMapping: 0.033200 ms MarkObjects: 0.997400 ms  DeleteObjects: 0.035500 ms)

========================================================================
Received Prepare
Registering precompiled user dll's ...
Registered in 0.000662 seconds.
Begin MonoManager ReloadAssembly
Native extension for WindowsStandalone target not found
Refreshing native plugins compatible for Editor in 0.18 ms, found 0 plugins.
Preloading 0 native plugins for Editor in 0.00 ms.
Invoked RoslynAnalysisRunner static constructor.
RoslynAnalysisRunner will not be running.
RoslynAnalysisRunner has terminated.
Mono: successfully reloaded assembly
- Completed reload, in  0.574 seconds
Platform modules already initialized, skipping
Refreshing native plugins compatible for Editor in 0.23 ms, found 0 plugins.
Preloading 0 native plugins for Editor in 0.00 ms.
Unloading 1104 Unused Serialized files (Serialized files now loaded: 0)
System memory in use before: 61.9 MB.
System memory in use after: 62.0 MB.

Unloading 5 unused Assets to reduce memory usage. Loaded Objects now: 1595.
Total: 1.732100 ms (FindLiveObjects: 0.202800 ms CreateObjectMapping: 0.070100 ms MarkObjects: 1.407300 ms  DeleteObjects: 0.050800 ms)

========================================================================
Received Prepare
Registering precompiled user dll's ...
Registered in 0.000786 seconds.
Begin MonoManager ReloadAssembly
Native extension for WindowsStandalone target not found
Refreshing native plugins compatible for Editor in 0.21 ms, found 0 plugins.
Preloading 0 native plugins for Editor in 0.00 ms.
Invoked RoslynAnalysisRunner static constructor.
RoslynAnalysisRunner will not be running.
RoslynAnalysisRunner has terminated.
Mono: successfully reloaded assembly
- Completed reload, in  0.717 seconds
Platform modules already initialized, skipping
Refreshing native plugins compatible for Editor in 0.38 ms, found 0 plugins.
Preloading 0 native plugins for Editor in 0.00 ms.
Unloading 1104 Unused Serialized files (Serialized files now loaded: 0)
System memory in use before: 62.2 MB.
System memory in use after: 62.3 MB.

Unloading 5 unused Assets to reduce memory usage. Loaded Objects now: 1597.
Total: 1.763400 ms (FindLiveObjects: 0.172900 ms CreateObjectMapping: 0.056600 ms MarkObjects: 1.489700 ms  DeleteObjects: 0.041900 ms)

========================================================================
Received Import Request.
  Time since last request: 7167.492905 seconds.
  path: Assets/Prefabs/GameProps/NormalEarthAttack.prefab
  artifactKey: Guid(4cb018124f594de4d9c26b69da842e8c) Importer(815301076,1909f56bfc062723c751e8b465ee728b)
Start importing Assets/Prefabs/GameProps/NormalEarthAttack.prefab using Guid(4cb018124f594de4d9c26b69da842e8c) Importer(815301076,1909f56bfc062723c751e8b465ee728b)  -> (artifact id: '3c1dbedb0b55d77a9c9acb538b06da3a') in 0.051321 seconds
  Import took 0.053270 seconds .

========================================================================
Received Import Request.
  Time since last request: 8.263819 seconds.
  path: Assets/Prefabs/GameProps/NormalEarthAttack.prefab
  artifactKey: Guid(4cb018124f594de4d9c26b69da842e8c) Importer(815301076,1909f56bfc062723c751e8b465ee728b)
Start importing Assets/Prefabs/GameProps/NormalEarthAttack.prefab using Guid(4cb018124f594de4d9c26b69da842e8c) Importer(815301076,1909f56bfc062723c751e8b465ee728b)  -> (artifact id: '85e944492e36e327ee8cc4a8aed245a9') in 0.018926 seconds
  Import took 0.021026 seconds .

========================================================================
Received Import Request.
  Time since last request: 11.126811 seconds.
  path: Assets/Prefabs/GameProps/QAttack.prefab
  artifactKey: Guid(560e9720b11871142ac2a717da892627) Importer(815301076,1909f56bfc062723c751e8b465ee728b)
Start importing Assets/Prefabs/GameProps/QAttack.prefab using Guid(560e9720b11871142ac2a717da892627) Importer(815301076,1909f56bfc062723c751e8b465ee728b)  -> (artifact id: '62faa72a16ff1337a719cbec001cf925') in 0.012354 seconds
  Import took 0.014401 seconds .

========================================================================
Received Import Request.
  Time since last request: 16.363400 seconds.
  path: Assets/Prefabs/GameProps/EarthWall.prefab
  artifactKey: Guid(229cb8812a67d4b4ca8c3c75c5671bbb) Importer(815301076,1909f56bfc062723c751e8b465ee728b)
Start importing Assets/Prefabs/GameProps/EarthWall.prefab using Guid(229cb8812a67d4b4ca8c3c75c5671bbb) Importer(815301076,1909f56bfc062723c751e8b465ee728b)  -> (artifact id: 'f5a943134aaa0eaa8d00476d022f43ea') in 0.016280 seconds
  Import took 0.017894 seconds .

========================================================================
Received Import Request.
  Time since last request: 9.888462 seconds.
  path: Assets/Prefabs/GameProps/UltimateSpike.prefab
  artifactKey: Guid(6ee0d50232338044b95e4a3f475e8cb9) Importer(815301076,1909f56bfc062723c751e8b465ee728b)
Start importing Assets/Prefabs/GameProps/UltimateSpike.prefab using Guid(6ee0d50232338044b95e4a3f475e8cb9) Importer(815301076,1909f56bfc062723c751e8b465ee728b)  -> (artifact id: '6399139e03d2f454baea1a3981782686') in 0.013858 seconds
  Import took 0.015985 seconds .

========================================================================
Received Prepare
Registering precompiled user dll's ...
Registered in 0.001196 seconds.
Begin MonoManager ReloadAssembly
Native extension for WindowsStandalone target not found
Refreshing native plugins compatible for Editor in 0.20 ms, found 0 plugins.
Preloading 0 native plugins for Editor in 0.00 ms.
Invoked RoslynAnalysisRunner static constructor.
RoslynAnalysisRunner will not be running.
RoslynAnalysisRunner has terminated.
Mono: successfully reloaded assembly
- Completed reload, in  0.678 seconds
Platform modules already initialized, skipping
Refreshing native plugins compatible for Editor in 0.23 ms, found 0 plugins.
Preloading 0 native plugins for Editor in 0.00 ms.
Unloading 1104 Unused Serialized files (Serialized files now loaded: 0)
System memory in use before: 62.3 MB.
System memory in use after: 62.4 MB.

Unloading 6 unused Assets to reduce memory usage. Loaded Objects now: 1600.
Total: 1.813100 ms (FindLiveObjects: 0.276400 ms CreateObjectMapping: 0.049200 ms MarkObjects: 1.439900 ms  DeleteObjects: 0.045400 ms)

========================================================================
Received Prepare
Registering precompiled user dll's ...
Registered in 0.000781 seconds.
Begin MonoManager ReloadAssembly
Native extension for WindowsStandalone target not found
Refreshing native plugins compatible for Editor in 0.20 ms, found 0 plugins.
Preloading 0 native plugins for Editor in 0.00 ms.
Invoked RoslynAnalysisRunner static constructor.
RoslynAnalysisRunner will not be running.
RoslynAnalysisRunner has terminated.
Mono: successfully reloaded assembly
- Completed reload, in  0.778 seconds
Platform modules already initialized, skipping
Refreshing native plugins compatible for Editor in 0.18 ms, found 0 plugins.
Preloading 0 native plugins for Editor in 0.00 ms.
Unloading 1104 Unused Serialized files (Serialized files now loaded: 0)
System memory in use before: 61.7 MB.
System memory in use after: 61.8 MB.

Unloading 5 unused Assets to reduce memory usage. Loaded Objects now: 1602.
Total: 1.368100 ms (FindLiveObjects: 0.147400 ms CreateObjectMapping: 0.036900 ms MarkObjects: 1.145400 ms  DeleteObjects: 0.037500 ms)

========================================================================
Received Prepare
Registering precompiled user dll's ...
Registered in 0.000808 seconds.
Begin MonoManager ReloadAssembly
Native extension for WindowsStandalone target not found
Refreshing native plugins compatible for Editor in 0.49 ms, found 0 plugins.
Preloading 0 native plugins for Editor in 0.00 ms.
Invoked RoslynAnalysisRunner static constructor.
RoslynAnalysisRunner will not be running.
RoslynAnalysisRunner has terminated.
Mono: successfully reloaded assembly
- Completed reload, in  0.796 seconds
Platform modules already initialized, skipping
Refreshing native plugins compatible for Editor in 0.35 ms, found 0 plugins.
Preloading 0 native plugins for Editor in 0.00 ms.
Unloading 1104 Unused Serialized files (Serialized files now loaded: 0)
System memory in use before: 62.0 MB.
System memory in use after: 62.0 MB.

Unloading 5 unused Assets to reduce memory usage. Loaded Objects now: 1604.
Total: 2.192600 ms (FindLiveObjects: 0.319000 ms CreateObjectMapping: 0.118200 ms MarkObjects: 1.705200 ms  DeleteObjects: 0.047300 ms)

AssetImportWorkerClient::OnTransportError - code=2 error=End of file
